[debug] > Exec(early(addDefaultCommands), None, None)
[debug] > Exec(addDefaultCommands, None, None)
[debug] > Exec(early(initialize), None, None)
[debug] > Exec(initialize, None, None)
[debug] > Exec(early(addPluginSbtFile="""C:\Users\hp\AppData\Local\Temp\idea.sbt"""), None, None)
[debug] > Exec(addPluginSbtFile="""C:\Users\hp\AppData\Local\Temp\idea.sbt""", None, None)
[debug] > Exec(boot, None, None)
[debug] > Exec(writeSbtVersion, None, None)
[debug] > Exec(reload, None, None)
[debug] > Exec(sbtStashOnFailure, None, None)
[debug] > Exec(onFailure loadFailed, None, None)
[debug] > Exec(loadp, None, None)
[info] welcome to sbt 1.10.0 (Amazon.com Inc. Java 1.8.0_382)
[debug]       Load.loadUnit: plugins took 108.5871ms
[debug]       Load.loadUnit: defsScala took 0.5324ms
[debug] [Loading] Scanning directory C:\Users\hp\.sbt\1.0\plugins
[debug] [Loading] Found non-root projects 
[debug] [Loading] Done in C:\Users\hp\.sbt\1.0\plugins, returning: ()
[debug] deducing auto plugins based on known facts Set(Atom(sbt.plugins.CorePlugin)) and clauses Clauses(Clause(Atom(sbt.plugins.JvmPlugin),Set(Atom(sbt.plugins.IvyPlugin)))
[debug] Clause(Atom(sbt.ScriptedPlugin),Set(Atom(sbt.plugins.JvmPlugin)))
[debug] Clause(Atom(sbt.plugins.SbtPlugin),Set(Atom(sbt.ScriptedPlugin)))
[debug] Clause(Atom(sbt.plugins.SemanticdbPlugin),Set(Atom(sbt.plugins.JvmPlugin)))
[debug] Clause(Atom(sbt.plugins.JUnitXmlReportPlugin),Set(Atom(sbt.plugins.JvmPlugin)))
[debug] Clause(Atom(sbt.plugins.MiniDependencyTreePlugin),Set(Atom(sbt.plugins.JvmPlugin)))
[debug] Clause(Atom(sbt.plugins.CorePlugin),Set(Atom(sbt.plugins.IvyPlugin)))
[debug] Clause(Atom(sbt.plugins.IvyPlugin),Set(Atom(sbt.plugins.JvmPlugin)))
[debug] Clause(Atom(sbt.plugins.JvmPlugin),Set(Atom(sbt.plugins.SemanticdbPlugin)))
[debug] Clause(Atom(sbt.plugins.JvmPlugin),Set(Atom(sbt.plugins.JUnitXmlReportPlugin)))
[debug] Clause(Atom(sbt.plugins.CorePlugin),Set(Atom(sbt.plugins.Giter8TemplatePlugin)))
[debug] Clause(Atom(sbt.plugins.JvmPlugin),Set(Atom(sbt.plugins.MiniDependencyTreePlugin))))
[debug]   :: deduced result: Matched(sbt.plugins.CorePlugin,sbt.plugins.Giter8TemplatePlugin,sbt.plugins.IvyPlugin,sbt.plugins.JvmPlugin,sbt.plugins.MiniDependencyTreePlugin,sbt.plugins.JUnitXmlReportPlugin,sbt.plugins.SemanticdbPlugin)
[debug] Plugins.deducer#function took 23.4059 ms
[debug]           Load.resolveProject(global-plugins) took 62.181ms
[debug]         Load.loadTransitive: finalizeProject(Project(id global-plugins, base: C:\Users\hp\.sbt\1.0\plugins, plugins: List(<none>))) took 122.0679ms
[debug] [Loading] Done in C:\Users\hp\.sbt\1.0\plugins, returning: (global-plugins)
[debug]       Load.loadUnit: loadedProjectsRaw took 153.4538ms
[debug]       Load.loadUnit: cleanEvalClasses took 0.324ms
[debug]     Load.loadUnit(file:/C:/Users/hp/.sbt/1.0/plugins/, ...) took 273.2969ms
[debug]   Load.apply: load took 737.5318ms
[debug]   Load.apply: resolveProjects took 20.1031ms
[debug]   Load.apply: finalTransforms took 144.0719ms
[debug]   Load.apply: config.delegates took 14.2142ms
[debug]   Load.apply: Def.make(settings)... took 553.241ms
[debug]   Load.apply: structureIndex took 143.4055ms
[debug]   Load.apply: mkStreams took 2.6928ms
[info] loading global plugins from C:\Users\hp\.sbt\1.0\plugins
[debug] Running task... Cancel: Signal, check cycles: false, forcegc: true
[debug] Load.defaultLoad until apply took 22599.4595ms
[debug]           Load.loadUnit: plugins took 63.9401ms
[debug]           Load.loadUnit: defsScala took 0.0068ms
[debug] [Loading] Scanning directory C:\Users\hp\Desktop\Website-Summarisation\backend-scala\project
[debug]             Load.loadUnit: mkEval took 15.2876ms
[debug] [Loading] Found non-root projects 
[debug] [Loading] Done in C:\Users\hp\Desktop\Website-Summarisation\backend-scala\project, returning: ()
[debug] deducing auto plugins based on known facts Set(Atom(sbt.plugins.CorePlugin)) and clauses Clauses(Clause(Atom(sbt.plugins.JvmPlugin),Set(Atom(sbt.plugins.IvyPlugin)))
[debug] Clause(Atom(sbt.ScriptedPlugin),Set(Atom(sbt.plugins.JvmPlugin)))
[debug] Clause(Atom(sbt.plugins.SbtPlugin),Set(Atom(sbt.ScriptedPlugin)))
[debug] Clause(Atom(sbt.plugins.SemanticdbPlugin),Set(Atom(sbt.plugins.JvmPlugin)))
[debug] Clause(Atom(sbt.plugins.JUnitXmlReportPlugin),Set(Atom(sbt.plugins.JvmPlugin)))
[debug] Clause(Atom(sbt.plugins.MiniDependencyTreePlugin),Set(Atom(sbt.plugins.JvmPlugin)))
[debug] Clause(Atom(sbt.plugins.CorePlugin),Set(Atom(sbt.plugins.IvyPlugin)))
[debug] Clause(Atom(sbt.plugins.IvyPlugin),Set(Atom(sbt.plugins.JvmPlugin)))
[debug] Clause(Atom(sbt.plugins.JvmPlugin),Set(Atom(sbt.plugins.SemanticdbPlugin)))
[debug] Clause(Atom(sbt.plugins.JvmPlugin),Set(Atom(sbt.plugins.JUnitXmlReportPlugin)))
[debug] Clause(Atom(sbt.plugins.CorePlugin),Set(Atom(sbt.plugins.Giter8TemplatePlugin)))
[debug] Clause(Atom(sbt.plugins.JvmPlugin),Set(Atom(sbt.plugins.MiniDependencyTreePlugin))))
[debug]   :: deduced result: Matched(sbt.plugins.CorePlugin,sbt.plugins.Giter8TemplatePlugin,sbt.plugins.IvyPlugin,sbt.plugins.JvmPlugin,sbt.plugins.MiniDependencyTreePlugin,sbt.plugins.JUnitXmlReportPlugin,sbt.plugins.SemanticdbPlugin)
[debug] Plugins.deducer#function took 2.4141 ms
[info] loading settings for project backend-scala-build from plugins.sbt,idea.sbt ...
[debug]               Load.resolveProject(backend-scala-build) took 11.0757ms
[debug]             Load.loadTransitive: finalizeProject(Project(id backend-scala-build, base: C:\Users\hp\Desktop\Website-Summarisation\backend-scala\project, plugins: List(<none>))) took 14.22ms
[debug] [Loading] Done in C:\Users\hp\Desktop\Website-Summarisation\backend-scala\project, returning: (backend-scala-build)
[debug]           Load.loadUnit: loadedProjectsRaw took 3902.2051ms
[debug]           Load.loadUnit: cleanEvalClasses took 11.2132ms
[debug]         Load.loadUnit(file:/C:/Users/hp/Desktop/Website-Summarisation/backend-scala/project/, ...) took 3979.0872ms
[debug]       Load.apply: load took 3981.4032ms
[debug]       Load.apply: resolveProjects took 0.2389ms
[debug]       Load.apply: finalTransforms took 15.7927ms
[debug]       Load.apply: config.delegates took 0.4899ms
[debug]       Load.apply: Def.make(settings)... took 110.1278ms
[debug]       Load.apply: structureIndex took 36.0693ms
[debug]       Load.apply: mkStreams took 0.0048ms
[info] loading project definition from C:\Users\hp\Desktop\Website-Summarisation\backend-scala\project
[debug] Running task... Cancel: Signal, check cycles: false, forcegc: true
[warn] Unrecognized repository Scala Plugin Bundled Repository, ignoring it
[warn] Unrecognized repository Scala Plugin Bundled Repository, ignoring it
[debug]     Load.loadUnit: plugins took 7808.1013ms
[debug]     Load.loadUnit: defsScala took 0.0033ms
[debug] [Loading] Scanning directory C:\Users\hp\Desktop\Website-Summarisation\backend-scala
[debug]       Load.loadUnit: mkEval took 0.2808ms
[debug] [Loading] Found non-root projects 
[debug] [Loading] Done in C:\Users\hp\Desktop\Website-Summarisation\backend-scala, returning: ()
[debug] deducing auto plugins based on known facts Set(Atom(sbt.plugins.CorePlugin)) and clauses Clauses(Clause(Atom(sbt.plugins.JvmPlugin),Set(Atom(sbt.plugins.IvyPlugin)))
[debug] Clause(Atom(sbt.ScriptedPlugin),Set(Atom(sbt.plugins.JvmPlugin)))
[debug] Clause(Atom(sbt.plugins.SbtPlugin),Set(Atom(sbt.ScriptedPlugin)))
[debug] Clause(Atom(sbt.plugins.SemanticdbPlugin),Set(Atom(sbt.plugins.JvmPlugin)))
[debug] Clause(Atom(sbt.plugins.JUnitXmlReportPlugin),Set(Atom(sbt.plugins.JvmPlugin)))
[debug] Clause(Atom(sbt.plugins.MiniDependencyTreePlugin),Set(Atom(sbt.plugins.JvmPlugin)))
[debug] Clause(Atom(sbtide.ConfigPlugin),Set(Atom(sbt.plugins.JvmPlugin)))
[debug] Clause(Atom(org.jetbrains.sbt.StructurePlugin),Set(Atom(sbt.plugins.JvmPlugin)))
[debug] Clause(Atom(org.jetbrains.sbt.IdeaShellPlugin),Set(Atom(sbt.plugins.JvmPlugin)))
[debug] Clause(Atom(org.jetbrains.sbt.indices.SbtIntellijIndicesPlugin),Set(Atom(sbt.plugins.JvmPlugin)))
[debug] Clause(Atom(sbt.plugins.CorePlugin),Set(Atom(sbt.plugins.IvyPlugin)))
[debug] Clause(Atom(sbt.plugins.IvyPlugin),Set(Atom(sbt.plugins.JvmPlugin)))
[debug] Clause(Atom(sbt.plugins.JvmPlugin),Set(Atom(sbt.plugins.SemanticdbPlugin)))
[debug] Clause(Atom(sbt.plugins.JvmPlugin),Set(Atom(sbt.plugins.JUnitXmlReportPlugin)))
[debug] Clause(Atom(sbt.plugins.CorePlugin),Set(Atom(sbt.plugins.Giter8TemplatePlugin)))
[debug] Clause(Atom(sbt.plugins.JvmPlugin),Set(Atom(sbt.plugins.MiniDependencyTreePlugin)))
[debug] Clause(Atom(sbt.plugins.JvmPlugin),Set(Atom(org.jetbrains.sbt.StructurePlugin)))
[debug] Clause(Atom(sbt.plugins.JvmPlugin),Set(Atom(org.jetbrains.sbt.IdeaShellPlugin)))
[debug] Clause(And(Set(Atom(sbt.plugins.CorePlugin), Atom(sbt.plugins.JvmPlugin))),Set(Atom(org.jetbrains.sbt.indices.SbtIntellijIndicesPlugin))))
[debug]   :: deduced result: Matched(sbt.plugins.CorePlugin,sbt.plugins.Giter8TemplatePlugin,sbt.plugins.IvyPlugin,sbt.plugins.JvmPlugin,sbt.plugins.SemanticdbPlugin,org.jetbrains.sbt.indices.SbtIntellijIndicesPlugin,sbt.plugins.JUnitXmlReportPlugin,org.jetbrains.sbt.IdeaShellPlugin,org.jetbrains.sbt.StructurePlugin,sbt.plugins.MiniDependencyTreePlugin)
[debug] Plugins.deducer#function took 3.7215 ms
[info] loading settings for project backend-scala from build.sbt ...
[debug]         Load.resolveProject(backend-scala) took 52.6158ms
[debug]       Load.loadTransitive: finalizeProject(Project(id backend-scala, base: C:\Users\hp\Desktop\Website-Summarisation\backend-scala, plugins: List(<none>))) took 58.6116ms
[debug] [Loading] Done in C:\Users\hp\Desktop\Website-Summarisation\backend-scala, returning: (backend-scala)
[debug]     Load.loadUnit: loadedProjectsRaw took 1561.9179ms
[debug]     Load.loadUnit: cleanEvalClasses took 13.2963ms
[debug]   Load.loadUnit(file:/C:/Users/hp/Desktop/Website-Summarisation/backend-scala/, ...) took 9384.8362ms
[debug] Load.apply: load took 9387.8734ms
[debug] Load.apply: resolveProjects took 0.1763ms
[debug] Load.apply: finalTransforms took 44.9616ms
[debug] Load.apply: config.delegates took 0.6786ms
[debug] Load.apply: Def.make(settings)... took 159.6312ms
[debug] Load.apply: structureIndex took 34.3761ms
[debug] Load.apply: mkStreams took 0.0043ms
[info] set current project to backend-scala (in build file:/C:/Users/hp/Desktop/Website-Summarisation/backend-scala/)
[warn] there's a key that's not used by any other settings/tasks:
[warn]  
[warn] * backend-scala / idePackagePrefix
[warn]   +- C:\Users\hp\Desktop\Website-Summarisation\backend-scala\build.sbt:7
[warn]  
[warn] note: a setting might still be used by a command; to exclude a key from this `lintUnused` check
[warn] either append it to `Global / excludeLintKeys` or call .withRank(KeyRanks.Invisible) on the key
[debug] > Exec(sbtPopOnFailure, None, None)
[debug] > Exec(resumeFromFailure, None, None)
[debug] > Exec(notifyUsersAboutShell, None, None)
[debug] > Exec(iflast shell, None, None)
[debug] > Exec(; set ideaPort in Global := 60271 ; idea-shell, None, None)
[debug] > Exec(set ideaPort in Global := 60271, None, None)
[info] Defining Global / ideaPort
[info] The new value will be used by Compile / compile, Test / compile
[debug] Defining 
[debug] 	Global / ideaPort
[debug] 
[debug] The new value will be used by 
[debug] 	Compile / compile
[debug] 	Test / compile
[info] Reapplying settings...
[info] set current project to backend-scala (in build file:/C:/Users/hp/Desktop/Website-Summarisation/backend-scala/)
[debug] > Exec(idea-shell, None, None)
